<?xml version="1.0" encoding="UTF-8"?>
<!-- Generated by org.testng.reporters.JUnitXMLReporter -->
<testsuite ignored="0" hostname="LAPTOP-UI3UKQ9S" failures="0" tests="4" name="Default test" time="0.044" errors="0" timestamp="2021-11-15T23:59:36 IST">
  <testcase classname="com.SimpleJavaProject.AppTest" name="@BeforeSuite setUp" time="0.092">
    <failure type="java.lang.NoSuchFieldError" message="configContext">
      <![CDATA[java.lang.NoSuchFieldError: configContext
at com.aventstack.extentreports.reporter.ExtentHtmlReporter.loadDefaultConfig(ExtentHtmlReporter.java:71)
at com.aventstack.extentreports.reporter.ExtentHtmlReporter.<init>(ExtentHtmlReporter.java:57)
at com.aventstack.extentreports.reporter.ExtentHtmlReporter.<init>(ExtentHtmlReporter.java:61)
at com.Utils.ExtentReporter.setReportName(ExtentReporter.java:19)
at com.SimpleJavaProject.AppTest.setUp(AppTest.java:16)
at java.base/jdk.internal.reflect.DirectMethodHandleAccessor.invoke(DirectMethodHandleAccessor.java:104)
at java.base/java.lang.reflect.Method.invoke(Method.java:577)
at org.testng.internal.MethodInvocationHelper.invokeMethod(MethodInvocationHelper.java:133)
at org.testng.internal.MethodInvocationHelper.invokeMethodConsideringTimeout(MethodInvocationHelper.java:62)
at org.testng.internal.ConfigInvoker.invokeConfigurationMethod(ConfigInvoker.java:385)
at org.testng.internal.ConfigInvoker.invokeConfigurations(ConfigInvoker.java:321)
at org.testng.SuiteRunner.privateRun(SuiteRunner.java:317)
at org.testng.SuiteRunner.run(SuiteRunner.java:276)
at org.testng.SuiteRunnerWorker.runSuite(SuiteRunnerWorker.java:53)
at org.testng.SuiteRunnerWorker.run(SuiteRunnerWorker.java:96)
at org.testng.TestNG.runSuitesSequentially(TestNG.java:1212)
at org.testng.TestNG.runSuitesLocally(TestNG.java:1134)
at org.testng.TestNG.runSuites(TestNG.java:1063)
at org.testng.TestNG.run(TestNG.java:1031)
at org.testng.remote.AbstractRemoteTestNG.run(AbstractRemoteTestNG.java:115)
at org.testng.remote.RemoteTestNG.initAndRun(RemoteTestNG.java:251)
at org.testng.remote.RemoteTestNG.main(RemoteTestNG.java:77)
]]>
    </failure>
  </testcase> <!-- @BeforeSuite setUp -->
  <testcase classname="com.SimpleJavaProject.AppTest" name="@AfterTest closeUp" time="-1.637000976952E9">
    <skipped/>
  </testcase> <!-- @AfterTest closeUp -->
  <testcase classname="com.SimpleJavaProject.AppTest" name="testFindMax1" time="0.0">
    <skipped/>
  </testcase> <!-- testFindMax1 -->
  <testcase classname="com.SimpleJavaProject.AppTest" name="testFindMax2" time="0.0">
    <skipped/>
  </testcase> <!-- testFindMax2 -->
  <testcase classname="com.SimpleJavaProject.AppTest" name="testFindMax3" time="0.0">
    <skipped/>
  </testcase> <!-- testFindMax3 -->
  <testcase classname="com.SimpleJavaProject.AppTest" name="testFindMax4" time="0.0">
    <skipped/>
  </testcase> <!-- testFindMax4 -->
</testsuite> <!-- Default test -->
