<?xml version="1.0" encoding="UTF-8"?>
<testng-results ignored="3" total="4" passed="0" failed="0" skipped="1">
  <reporter-output>
  </reporter-output>
  <suite started-at="2021-11-16T00:09:44 IST" name="AppTest" finished-at="2021-11-16T00:09:44 IST" duration-ms="30">
    <groups>
    </groups>
    <test started-at="2021-11-16T00:09:44 IST" name="Test" finished-at="2021-11-16T00:09:44 IST" duration-ms="30">
      <class name="com.SimpleJavaProject.AppTest">
        <test-method is-config="true" signature="setUp()[pri:0, instance:com.SimpleJavaProject.AppTest@e056f20]" started-at="2021-11-16T00:09:44 IST" name="setUp" finished-at="2021-11-16T00:09:44 IST" duration-ms="79" status="FAIL">
          <exception class="java.lang.NoSuchFieldError">
            <message>
              <![CDATA[configContext]]>
            </message>
            <full-stacktrace>
              <![CDATA[java.lang.NoSuchFieldError: configContext
at com.aventstack.extentreports.reporter.ExtentHtmlReporter.loadDefaultConfig(ExtentHtmlReporter.java:71)
at com.aventstack.extentreports.reporter.ExtentHtmlReporter.<init>(ExtentHtmlReporter.java:57)
at com.aventstack.extentreports.reporter.ExtentHtmlReporter.<init>(ExtentHtmlReporter.java:61)
at com.Utils.ExtentReporter.setReportName(ExtentReporter.java:19)
at com.SimpleJavaProject.AppTest.setUp(AppTest.java:16)
at java.base/jdk.internal.reflect.DirectMethodHandleAccessor.invoke(DirectMethodHandleAccessor.java:104)
at java.base/java.lang.reflect.Method.invoke(Method.java:577)
at org.testng.internal.MethodInvocationHelper.invokeMethod(MethodInvocationHelper.java:133)
at org.testng.internal.MethodInvocationHelper.invokeMethodConsideringTimeout(MethodInvocationHelper.java:62)
at org.testng.internal.ConfigInvoker.invokeConfigurationMethod(ConfigInvoker.java:385)
at org.testng.internal.ConfigInvoker.invokeConfigurations(ConfigInvoker.java:321)
at org.testng.SuiteRunner.privateRun(SuiteRunner.java:317)
at org.testng.SuiteRunner.run(SuiteRunner.java:276)
at org.testng.SuiteRunnerWorker.runSuite(SuiteRunnerWorker.java:53)
at org.testng.SuiteRunnerWorker.run(SuiteRunnerWorker.java:96)
at org.testng.TestNG.runSuitesSequentially(TestNG.java:1212)
at org.testng.TestNG.runSuitesLocally(TestNG.java:1134)
at org.testng.TestNG.runSuites(TestNG.java:1063)
at org.testng.TestNG.run(TestNG.java:1031)
at org.testng.remote.AbstractRemoteTestNG.run(AbstractRemoteTestNG.java:115)
at org.testng.remote.RemoteTestNG.initAndRun(RemoteTestNG.java:251)
at org.testng.remote.RemoteTestNG.main(RemoteTestNG.java:77)
]]>
            </full-stacktrace>
          </exception> <!-- java.lang.NoSuchFieldError -->
          <reporter-output>
          </reporter-output>
        </test-method> <!-- setUp -->
        <test-method signature="testFindMax1()[pri:0, instance:com.SimpleJavaProject.AppTest@e056f20]" started-at="2021-11-16T00:09:44 IST" name="testFindMax1" finished-at="2021-11-16T00:09:44 IST" duration-ms="0" status="SKIP">
          <exception class="java.lang.NoSuchFieldError">
            <message>
              <![CDATA[configContext]]>
            </message>
            <full-stacktrace>
              <![CDATA[java.lang.NoSuchFieldError: configContext
at com.aventstack.extentreports.reporter.ExtentHtmlReporter.loadDefaultConfig(ExtentHtmlReporter.java:71)
at com.aventstack.extentreports.reporter.ExtentHtmlReporter.<init>(ExtentHtmlReporter.java:57)
at com.aventstack.extentreports.reporter.ExtentHtmlReporter.<init>(ExtentHtmlReporter.java:61)
at com.Utils.ExtentReporter.setReportName(ExtentReporter.java:19)
at com.SimpleJavaProject.AppTest.setUp(AppTest.java:16)
at java.base/jdk.internal.reflect.DirectMethodHandleAccessor.invoke(DirectMethodHandleAccessor.java:104)
at java.base/java.lang.reflect.Method.invoke(Method.java:577)
at org.testng.internal.MethodInvocationHelper.invokeMethod(MethodInvocationHelper.java:133)
at org.testng.internal.MethodInvocationHelper.invokeMethodConsideringTimeout(MethodInvocationHelper.java:62)
at org.testng.internal.ConfigInvoker.invokeConfigurationMethod(ConfigInvoker.java:385)
at org.testng.internal.ConfigInvoker.invokeConfigurations(ConfigInvoker.java:321)
at org.testng.SuiteRunner.privateRun(SuiteRunner.java:317)
at org.testng.SuiteRunner.run(SuiteRunner.java:276)
at org.testng.SuiteRunnerWorker.runSuite(SuiteRunnerWorker.java:53)
at org.testng.SuiteRunnerWorker.run(SuiteRunnerWorker.java:96)
at org.testng.TestNG.runSuitesSequentially(TestNG.java:1212)
at org.testng.TestNG.runSuitesLocally(TestNG.java:1134)
at org.testng.TestNG.runSuites(TestNG.java:1063)
at org.testng.TestNG.run(TestNG.java:1031)
at org.testng.remote.AbstractRemoteTestNG.run(AbstractRemoteTestNG.java:115)
at org.testng.remote.RemoteTestNG.initAndRun(RemoteTestNG.java:251)
at org.testng.remote.RemoteTestNG.main(RemoteTestNG.java:77)
]]>
            </full-stacktrace>
          </exception> <!-- java.lang.NoSuchFieldError -->
          <reporter-output>
          </reporter-output>
        </test-method> <!-- testFindMax1 -->
        <test-method is-config="true" signature="closeUp()[pri:0, instance:com.SimpleJavaProject.AppTest@e056f20]" started-at="2021-11-16T00:09:44 IST" name="closeUp" finished-at="1970-01-01T05:30:00 IST" duration-ms="-1637001584657" status="SKIP">
          <reporter-output>
          </reporter-output>
        </test-method> <!-- closeUp -->
      </class> <!-- com.SimpleJavaProject.AppTest -->
    </test> <!-- Test -->
  </suite> <!-- AppTest -->
</testng-results>
