<?xml version="1.0" encoding="UTF-8"?>
<!-- Generated by org.testng.reporters.JUnitXMLReporter -->
<testsuite ignored="3" hostname="LAPTOP-UI3UKQ9S" failures="0" tests="1" name="Test" time="0.03" errors="0" timestamp="2021-11-16T00:09:44 IST">
  <testcase classname="com.SimpleJavaProject.AppTest" name="@BeforeSuite setUp" time="0.079">
    <failure type="java.lang.NoSuchFieldError" message="configContext">
      <![CDATA[java.lang.NoSuchFieldError: configContext
at com.aventstack.extentreports.reporter.ExtentHtmlReporter.loadDefaultConfig(ExtentHtmlReporter.java:71)
at com.aventstack.extentreports.reporter.ExtentHtmlReporter.<init>(ExtentHtmlReporter.java:57)
at com.aventstack.extentreports.reporter.ExtentHtmlReporter.<init>(ExtentHtmlReporter.java:61)
at com.Utils.ExtentReporter.setReportName(ExtentReporter.java:19)
at com.SimpleJavaProject.AppTest.setUp(AppTest.java:16)
... Removed 17 stack frames]]>
    </failure>
  </testcase> <!-- @BeforeSuite setUp -->
  <testcase classname="com.SimpleJavaProject.AppTest" name="@AfterTest closeUp" time="-1.637001584657E9">
    <skipped/>
  </testcase> <!-- @AfterTest closeUp -->
  <testcase classname="com.SimpleJavaProject.AppTest" name="testFindMax1" time="0.0">
    <skipped/>
  </testcase> <!-- testFindMax1 -->
  <testcase classname="com.SimpleJavaProject.AppTest" name="testFindMax4" time="0.0">
    <ignored/>
  </testcase> <!-- testFindMax4 -->
  <testcase classname="com.SimpleJavaProject.AppTest" name="testFindMax3" time="0.0">
    <ignored/>
  </testcase> <!-- testFindMax3 -->
  <testcase classname="com.SimpleJavaProject.AppTest" name="testFindMax2" time="0.0">
    <ignored/>
  </testcase> <!-- testFindMax2 -->
</testsuite> <!-- Test -->
